/// RandomPeripheral trace (out) :
/// bit[17]   (port ID) : 0 = gpio, 1 = uart
/// bit[16]   (trace type) : 0 = interval cycles, 1 = data
/// bit[15:0] (value)

00000
10058
00000
10010
00000
10059
00000
10010
00000
10042
00000
1001d
20000
30012
20000
30012
20000
30011
20000
30011
00000
10058
00000
10011
00000
10059
00000
10011
00000
10042
00000
1001c
20000
30013
20000
30013
20000
30011
20000
30012
00000
10058
00000
10012
00000
10059
00000
10012
00000
10042
00000
1001b
20000
30014
20000
30014
20000
30011
20000
30013
00000
10058
00000
10013
00000
10059
00000
10013
00000
10042
00000
1001a
20000
30015
20000
30015
20000
30011
20000
30014
00000
10058
00000
10014
00000
10059
00000
10014
00000
10042
00000
10019
20000
30016
20000
30016
20000
30011
20000
30015
00000
10058
00000
10015
00000
10059
00000
10015
00000
10042
00000
10018
20000
30017
20000
30017
20000
30011
20000
30016
00000
10058
00000
10016
00000
10059
00000
10016
00000
10042
00000
10017
20000
30018
20000
30018
20000
30011
20000
30017
00000
10058
00000
10017
00000
10059
00000
10017
00000
10042
00000
10016
20000
30019
20000
30019
20000
30011
20000
30018
00000
10058
00000
10018
00000
10059
00000
10018
00000
10042
00000
10015
20000
3001a
20000
3001a
20000
30011
20000
30019
00000
10058
00000
10019
00000
10059
00000
10019
00000
10042
00000
10014
20000
3001b
20000
3001b
20000
30011
20000
3001a
00000
10058
00000
1001a
00000
10059
00000
1001a
00000
10042
00000
10013
20000
3001c
20000
3001c
20000
30011
20000
3001b
00000
10058
00000
1001b
00000
10059
00000
1001b
00000
10042
00000
10012
20000
3001d
20000
3001d
20000
30011
20000
3001c
00000
10058
00000
1001c
00000
10059
00000
1001c
00000
10042
00000
10011
20000
3001e
20000
3001e
20000
30011
20000
3001d
00000
10058
00000
1001d
00000
10059
00000
1001d
00000
10042
00000
10010
20000
3001f
20000
3001f
20000
30011
20000
3001e
00000
10058
00000
1001e
00000
10059
00000
1001e
00000
10042
00000
1000f
20000
30020
20000
30020
20000
30011
20000
3001f
00000
10058
00000
1001f
00000
10059
00000
1001d
00000
10042
00000
10010
20000
30021
20000
3001f
20000
30011
20000
3001e
00000
10058
00000
10020
00000
10059
00000
1001c
00000
10042
00000
10011
20000
30022
20000
3001e
20000
30011
20000
3001d
00000
10058
00000
10021
00000
10059
00000
1001b
00000
10042
00000
10012
20000
30023
20000
3001d
20000
30011
20000
3001c
00000
10058
00000
10022
00000
10059
00000
1001a
00000
10042
00000
10013
20000
30024
20000
3001c
20000
30011
20000
3001b
00000
10058
00000
10023
00000
10059
00000
10019
00000
10042
00000
10014
20000
30025
20000
3001b
20000
30011
20000
3001a
00000
10058
00000
10024
00000
10059
00000
10018
00000
10042
00000
10015
20000
30026
20000
3001a
20000
30011
20000
30019
00000
10058
00000
10025
00000
10059
00000
10017
00000
10042
00000
10016
20000
30027
20000
30019
20000
30011
20000
30018
00000
10058
00000
10026
00000
10059
00000
10016
00000
10042
00000
10017
20000
30028
20000
30018
20000
30011
20000
30017
00000
10058
00000
10027
00000
10059
00000
10015
00000
10042
00000
10018
20000
30029
20000
30017
20000
30011
20000
30016
00000
10058
00000
10028
00000
10059
00000
10014
00000
10042
00000
10019
20000
3002a
20000
30016
20000
30011
20000
30015
00000
10058
00000
10029
00000
10059
00000
10013
00000
10042
00000
1001a
20000
3002b
20000
30015
20000
30011
20000
30014
00000
10058
00000
1002a
00000
10059
00000
10012
00000
10042
00000
1001b
20000
3002c
20000
30014
20000
30011
20000
30013
00000
10058
00000
1002b
00000
10059
00000
10011
00000
10042
00000
1001c
20000
3002d
20000
30013
20000
30011
20000
30012
00000
10058
00000
1002c
00000
10059
00000
10010
00000
10042
00000
1001d
20000
3002e
20000
30012
20000
30011
20000
30011
00000
10058
00000
1002b
00000
10059
00000
1000f
00000
10042
00000
1001e
20000
3002d
20000
30011
20000
30011
20000
30010
00000
10058
00000
1002a
00000
10059
00000
1000e
00000
10042
00000
1001f
20000
3002c
20000
30010
20000
30011
20000
3000f
00000
10058
00000
10029
00000
10059
00000
1000d
00000
10042
00000
10020
20000
3002b
20000
3000f
20000
30011
20000
3000e
00000
10058
00000
10028
00000
10059
00000
1000c
00000
10042
00000
10021
20000
3002a
20000
3000e
20000
30011
20000
3000d
00000
10058
00000
10027
00000
10059
00000
1000b
00000
10042
00000
10022
20000
30029
20000
3000d
20000
30011
20000
3000c
00000
10058
00000
10026
00000
10059
00000
1000a
00000
10042
00000
10023
20000
30028
20000
3000c
20000
30011
20000
3000b
00000
10058
00000
10025
00000
10059
00000
10009
00000
10042
00000
10024
20000
30027
20000
3000b
20000
30011
20000
3000a
00000
10058
00000
10024
00000
10059
00000
10008
00000
10042
00000
10023
20000
30026
20000
3000a
20000
30011
20000
3000b
00000
10058
00000
10023
00000
10059
00000
10007
00000
10042
00000
10022
20000
30025
20000
30009
20000
30011
20000
3000c
00000
10058
00000
10022
00000
10059
00000
10006
00000
10042
00000
10021
20000
30024
20000
30008
20000
30011
20000
3000d
00000
10058
00000
10021
00000
10059
00000
10005
00000
10042
00000
10020
20000
30023
20000
30007
20000
30011
20000
3000e
00000
10058
00000
10020
00000
10059
00000
10004
00000
10042
00000
1001f
20000
30022
20000
30006
20000
30011
20000
3000f
00000
10058
00000
1001f
00000
10059
00000
10003
00000
10042
00000
1001e
20000
30021
20000
30005
20000
30011
20000
30010
00000
10058
00000
1001e
00000
10059
00000
10002
00000
10042
00000
1001d
20000
30020
20000
30004
20000
30011
20000
30011
00000
10058
00000
1001d
00000
10059
00000
10001
00000
10042
00000
1001c
20000
3001f
20000
30003
20000
30011
20000
30012
00000
10058
00000
1001c
00000
10059
00000
10000
00000
10042
00000
1001b
20000
3001e
20000
30002
20000
30011
20000
30013
00000
10058
00000
1001b
00000
10059
00000
10001
00000
10042
00000
1001a
20000
3001d
20000
30003
20000
30011
20000
30014
00000
10058
00000
1001a
00000
10059
00000
10002
00000
10042
00000
10019
20000
3001c
20000
30004
20000
30011
20000
30015
00000
10058
00000
10019
00000
10059
00000
10003
00000
10042
00000
10018
20000
3001b
20000
30005
20000
30011
20000
30016
00000
10058
00000
10018
00000
10059
00000
10004
00000
10042
00000
10017
20000
3001a
20000
30006
20000
30011
20000
30017
00000
10058
00000
10017
00000
10059
00000
10005
00000
10042
00000
10016
20000
30019
20000
30007
20000
30011
20000
30018
00000
10058
00000
10016
00000
10059
00000
10006
00000
10042
00000
10015
20000
30018
20000
30008
20000
30011
20000
30019
00000
10058
00000
10015
00000
10059
00000
10007
00000
10042
00000
10014
20000
30017
20000
30009
20000
30011
20000
3001a
00000
10058
00000
10014
00000
10059
00000
10008
00000
10042
00000
10015
20000
30016
20000
3000a
20000
30011
20000
30019
00000
10058
00000
10013
00000
10059
00000
10009
00000
10042
00000
10016
20000
30015
20000
3000b
20000
30011
20000
30018
00000
10058
00000
10012
00000
10059
00000
1000a
00000
10042
00000
10017
20000
30014
20000
3000c
20000
30011
20000
30017
00000
10058
00000
10011
00000
10059
00000
1000b
00000
10042
00000
10018
20000
30013
20000
3000d
20000
30011
20000
30016
00000
10058
00000
10010
00000
10059
00000
1000c
00000
10042
00000
10019
20000
30012
20000
3000e
20000
30011
20000
30015
00000
10058
00000
1000f
00000
10059
00000
1000d
00000
10042
00000
1001a
20000
30011
20000
3000f
20000
30011
20000
30014
00000
10058
00000
1000e
00000
10059
00000
1000e
00000
10042
00000
1001b
20000
30010
20000
30010
20000
30011
20000
30013
00000
10058
00000
1000d
00000
10059
00000
1000f
00000
10042
00000
1001c
20000
3000f
20000
30011
20000
30011
20000
30012
00000
10058
00000
1000c
00000
10059
00000
10010
00000
10042
00000
1001d
20000
3000e
20000
30012
20000
30011
20000
30011
00000
10058
00000
1000b
00000
10059
00000
10011
00000
10042
00000
1001e
20000
3000d
20000
30013
20000
30011
20000
30010
00000
10058
00000
1000a
00000
10059
00000
10012
00000
10042
00000
1001f
20000
3000c
20000
30014
20000
30011
20000
3000f
00000
10058
00000
10009
00000
10059
00000
10013
00000
10042
00000
10020
20000
3000b
20000
30015
20000
30011
20000
3000e
00000
10058
00000
10008
00000
10059
00000
10014
00000
10042
00000
10021
20000
3000a
20000
30016
20000
30011
20000
3000d
00000
10058
00000
10007
00000
10059
00000
10015
00000
10042
00000
10022
20000
30009
20000
30017
20000
30011
20000
3000c
00000
10058
00000
10006
00000
10059
00000
10016
00000
10042
00000
10023
20000
30008
20000
30018
20000
30011
20000
3000b
00000
10058
00000
10005
00000
10059
00000
10017
00000
10042
00000
10024
20000
30007
20000
30019
20000
30011
20000
3000a
00000
10058
00000
10004
00000
10059
00000
10018
00000
10042
00000
10025
20000
30006
20000
3001a
20000
30011
20000
30009
00000
10058
00000
10003
00000
10059
00000
10019
00000
10042
00000
10026
20000
30005
20000
3001b
20000
30011
20000
30008
00000
10058
00000
10002
00000
10059
00000
1001a
00000
10042
00000
10027
20000
30004
20000
3001c
20000
30011
20000
30007
00000
10058
00000
10001
00000
10059
00000
1001b
00000
10042
00000
10028
20000
30003
20000
3001d
20000
30011
20000
30006
00000
10058
00000
10000
00000
10059
00000
1001c
00000
10042
00000
10029
20000
30002
20000
3001e
20000
30011
20000
30005
00000
10058
00000
10001
00000
10059
00000
1001d
00000
10042
00000
1002a
20000
30003
20000
3001f
20000
30011
20000
30004
00000
10058
00000
10002
00000
10059
00000
1001e
00000
10042
00000
1002b
20000
30004
20000
30020
20000
30011
20000
30003
00000
10058
00000
10003
00000
10059
00000
1001d
00000
10042
00000
1002c
20000
30005
20000
3001f
20000
30011
20000
30002
00000
10058
00000
10004
00000
10059
00000
1001c
00000
10042
00000
1002c
20000
30006
20000
3001e
20000
30011
20000
30002
00000
10058
00000
10005
00000
10059
00000
1001b
00000
10042
00000
1002c
20000
30007
20000
3001d
20000
30011
20000
30002
00000
10058
00000
10006
00000
10059
00000
1001a
00000
10042
00000
1002c
20000
30008
20000
3001c
20000
30011
20000
30002
00000
10058
00000
10007
00000
10059
00000
10019
00000
10042
00000
1002c
20000
30009
20000
3001b
20000
30011
20000
30002
00000
10058
00000
10008
00000
10059
00000
10018
00000
10042
00000
1002c
20000
3000a
20000
3001a
20000
30011
20000
30002
00000
10058
00000
10009
00000
10059
00000
10017
00000
10042
00000
1002b
20000
3000b
20000
30019
20000
30011
20000
30003
00000
10058
00000
1000a
00000
10059
00000
10016
00000
10042
00000
1002a
20000
3000c
20000
30018
20000
30011
20000
30004
00000
10058
00000
1000b
00000
10059
00000
10015
00000
10042
00000
10029
20000
3000d
20000
30017
20000
30011
20000
30005
00000
10058
00000
1000c
00000
10059
00000
10014
00000
10042
00000
10028
20000
3000e
20000
30016
20000
30011
20000
30006
00000
10058
00000
1000d
00000
10059
00000
10013
00000
10042
00000
10027
20000
3000f
20000
30015
20000
30011
20000
30007
00000
10058
00000
1000e
00000
10059
00000
10012
00000
10042
00000
10026
20000
30010
20000
30014
20000
30011
20000
30008
00000
10058
00000
1000f
00000
10059
00000
10011
00000
10042
00000
10025
20000
30011
20000
30013
20000
30011
20000
30009
00000
10058
00000
10010
00000
10059
00000
10010
00000
10042
00000
10024
20000
30012
20000
30012
20000
30011
20000
3000a
00000
10058
00000
10011
00000
10059
00000
1000f
00000
10042
00000
10023
20000
30013
20000
30011
20000
30011
20000
3000b
00000
10058
00000
10012
00000
10059
00000
1000e
00000
10042
00000
10022
20000
30014
20000
30010
20000
30011
20000
3000c
00000
10058
00000
10013
00000
10059
00000
1000d
00000
10042
00000
10021
20000
30015
20000
3000f
20000
30011
20000
3000d
00000
10058
00000
10014
00000
10059
00000
1000c
00000
10042
00000
10020
20000
30016
20000
3000e
20000
30011
20000
3000e
00000
10058
00000
10015
00000
10059
00000
1000b
00000
10042
00000
1001f
20000
30017
20000
3000d
20000
30011
20000
3000f
00000
10058
00000
10016
00000
10059
00000
1000a
00000
10042
00000
1001e
20000
30018
20000
3000c
20000
30011
20000
30010
00000
10058
00000
10017
00000
10059
00000
10009
00000
10042
00000
1001d
20000
30019
20000
3000b
20000
30011
20000
30011
00000
10058
00000
10018
00000
10059
00000
10008
00000
10042
00000
1001c
20000
3001a
20000
3000a
20000
30011
20000
30012
00000
10058
00000
10019
00000
10059
00000
10007
00000
10042
00000
1001b
20000
3001b
20000
30009
20000
30011
20000
30013
00000
10058
00000
1001a
00000
10059
00000
10006
00000
10042
00000
1001a
20000
3001c
20000
30008
20000
30011
20000
30014
00000
10058
00000
1001b
00000
10059
00000
10005
00000
10042
00000
10019
20000
3001d
20000
30007
20000
30011
20000
30015
00000
10058
00000
1001c
00000
10059
00000
10004
00000
10042
00000
10018
20000
3001e
20000
30006
20000
30011
20000
30016
00000
10058
00000
1001d
00000
10059
00000
10003
00000
10042
00000
10017
20000
3001f
20000
30005
20000
30011
20000
30017
00000
10058
00000
1001e
00000
10059
00000
10002
00000
10042
00000
10016
20000
30020
20000
30004
20000
30011
20000
30018
00000
10058
00000
1001f
00000
10059
00000
10001
00000
10042
00000
10015
20000
30021
20000
30003
20000
30011
20000
30019
00000
10058
00000
10020
00000
10059
00000
10000
00000
10042
00000
10014
20000
30022
20000
30002
20000
30011
20000
3001a
00000
10058
00000
10021
00000
10059
00000
10001
00000
10042
00000
10013
20000
30023
20000
30003
20000
30011
20000
3001b
00000
10058
00000
10022
00000
10059
00000
10002
00000
10042
00000
10012
20000
30024
20000
30004
20000
30011
20000
3001c
00000
10058
00000
10023
00000
10059
00000
10003
00000
10042
00000
10011
20000
30025
20000
30005
20000
30011
20000
3001d
00000
10058
00000
10024
00000
10059
00000
10004
00000
10042
00000
10010
20000
30026
20000
30006
20000
30011
20000
3001e
00000
10058
00000
10025
00000
10059
00000
10005
00000
10042
00000
1000f
20000
30027
20000
30007
20000
30011
20000
3001f
00000
10058
00000
10026
00000
10059
00000
10006
00000
10042
00000
1000e
20000
30028
20000
30008
20000
30011
20000
30020
00000
10058
00000
10027
00000
10059
00000
10007
00000
10042
00000
1000d
20000
30029
20000
30009
20000
30011
20000
30021
00000
10058
00000
10028
00000
10059
00000
10008
00000
10042
00000
1000c
20000
3002a
20000
3000a
20000
30011
20000
30022
00000
10058
00000
10029
00000
10059
00000
10009
00000
10042
00000
1000b
20000
3002b
20000
3000b
20000
30011
20000
30023
00000
10058
00000
1002a
00000
10059
00000
1000a
00000
10042
00000
1000a
20000
3002c
20000
3000c
20000
30011
20000
30024
00000
10058
00000
1002b
00000
10059
00000
1000b
00000
10042
00000
1000b
20000
3002d
20000
3000d
20000
30011
20000
30023
00000
10058
00000
1002c
00000
10059
00000
1000c
00000
10042
00000
1000c
20000
3002e
20000
3000e
20000
30011
20000
30022
00000
10058
00000
1002b
00000
10059
00000
1000d
00000
10042
00000
1000d
20000
3002d
20000
3000f
20000
30011
20000
30021
00000
10058
00000
1002a
00000
10059
00000
1000e
00000
10042
00000
1000e
20000
3002c
20000
30010
20000
30011
20000
30020
00000
10058
00000
10029
00000
10059
00000
1000f
00000
10042
00000
1000f
20000
3002b
20000
30011
20000
30011
20000
3001f
00000
10058
00000
10028
00000
10059
00000
10010
00000
10042
00000
10010
20000
3002a
20000
30012
20000
30011
20000
3001e
00000
10058
00000
10027
00000
10059
00000
10011
00000
10042
00000
10011
20000
30029
20000
30013
20000
30011
20000
3001d
00000
10058
00000
10026
00000
10059
00000
10012
00000
10042
00000
10012
20000
30028
20000
30014
20000
30011
20000
3001c
00000
10058
00000
10025
00000
10059
00000
10013
00000
10042
00000
10013
20000
30027
20000
30015
20000
30011
20000
3001b
00000
10058
00000
10024
00000
10059
00000
10014
00000
10042
00000
10014
20000
30026
20000
30016
20000
30011
20000
3001a
00000
10058
00000
10023
00000
10059
00000
10015
00000
10042
00000
10015
20000
30025
20000
30017
20000
30011
20000
30019
00000
10058
00000
10022
00000
10059
00000
10016
00000
10042
00000
10016
20000
30024
20000
30018
20000
30011
20000
30018
00000
10058
00000
10021
00000
10059
00000
10017
00000
10042
00000
10015
20000
30023
20000
30019
20000
30011
20000
30019
00000
10058
00000
10020
00000
10059
00000
10018
00000
10042
00000
10014
20000
30022
20000
3001a
20000
30011
20000
3001a
00000
10058
00000
1001f
00000
10059
00000
10019
00000
10042
00000
10013
20000
30021
20000
3001b
20000
30011
20000
3001b
00000
10058
00000
1001e
00000
10059
00000
1001a
00000
10042
00000
10012
20000
30020
20000
3001c
20000
30011
20000
3001c
00000
10058
00000
1001d
00000
10059
00000
1001b
00000
10042
00000
10013
20000
3001f
20000
3001d
20000
30011
20000
3001b
00000
10058
00000
1001c
00000
10059
00000
1001c
00000
10042
00000
10014
20000
3001e
20000
3001e
20000
30011
20000
3001a
00000
10058
00000
1001b
00000
10059
00000
1001d
00000
10042
00000
10013
20000
3001d
20000
3001f
20000
30011
20000
3001b
00000
10058
00000
1001a
00000
10059
00000
1001e
00000
10042
00000
10012
20000
3001c
20000
30020
20000
30011
20000
3001c
00000
10058
00000
1001